<?xml version="1.0" encoding="UTF-8"?>
<!-- Generated by org.testng.reporters.JUnitReportReporter -->
<testsuite hostname="Hp-PC" name="com.selenium.hybridfw.tests.CarsTests" tests="2" failures="0" timestamp="13 May 2018 15:06:10 GMT" time="0.011" errors="0">
  <testcase name="browser_launch2" time="0.003" classname="com.selenium.hybridfw.tests.CarsTests"/>
  <testcase name="browser_launch" time="0.008" classname="com.selenium.hybridfw.tests.CarsTests"/>
</testsuite> <!-- com.selenium.hybridfw.tests.CarsTests -->
