<?xml version="1.0" encoding="UTF-8"?>
<!-- Generated by org.testng.reporters.JUnitReportReporter -->
<testsuite hostname="Hp-PC" name="com.selenium.hybridfw.SampleTest" tests="1" failures="0" timestamp="30 Apr 2018 01:52:18 GMT" time="10.870" errors="0">
  <testcase name="verify_launch" time="10.870" classname="com.selenium.hybridfw.SampleTest"/>
</testsuite> <!-- com.selenium.hybridfw.SampleTest -->
