<?xml version="1.0" encoding="UTF-8"?>
<!-- Generated by org.testng.reporters.JUnitReportReporter -->
<testsuite hostname="Hp-PC" name="com.selenium.hybridfw.tests.HomeTests" tests="6" failures="0" timestamp="3 Sep 2018 02:20:11 GMT" time="0.071" errors="0">
  <testcase name="logValidation2" time="0.003" classname="com.selenium.hybridfw.tests.HomeTests"/>
  <testcase name="verify" time="0.004" classname="com.selenium.hybridfw.tests.HomeTests"/>
  <testcase name="verify" time="0.002" classname="com.selenium.hybridfw.tests.HomeTests"/>
  <testcase name="logValidation" time="0.058" classname="com.selenium.hybridfw.tests.HomeTests"/>
  <testcase name="verify" time="0.001" classname="com.selenium.hybridfw.tests.HomeTests"/>
  <testcase name="logValidation3" time="0.003" classname="com.selenium.hybridfw.tests.HomeTests"/>
</testsuite> <!-- com.selenium.hybridfw.tests.HomeTests -->
