<?xml version="1.0" encoding="UTF-8"?>
<!-- Generated by org.testng.reporters.JUnitReportReporter -->
<testsuite name="com.selenium.hybridfw.tests.HomeTests" tests="6" time="0.100" ignored="2" failures="0" timestamp="24 Jan 2019 13:56:25 GMT" skipped="0" hostname="Yashika" errors="0">
  <testcase name="logValidation" time="0.057" classname="com.selenium.hybridfw.tests.HomeTests"/>
  <testcase name="verify" time="0.003" classname="com.selenium.hybridfw.tests.HomeTests"/>
  <testcase name="logValidation2" time="0.009" classname="com.selenium.hybridfw.tests.HomeTests"/>
  <testcase name="verify" time="0.001" classname="com.selenium.hybridfw.tests.HomeTests"/>
  <testcase name="verify" time="0.023" classname="com.selenium.hybridfw.tests.HomeTests"/>
  <testcase name="logValidation3" time="0.007" classname="com.selenium.hybridfw.tests.HomeTests"/>
  <testcase name="verify_parameter" classname="com.selenium.hybridfw.tests.HomeTests">
    <skipped/>
  </testcase> <!-- verify_parameter -->
  <testcase name="verify_data" classname="com.selenium.hybridfw.tests.HomeTests">
    <skipped/>
  </testcase> <!-- verify_data -->
</testsuite> <!-- com.selenium.hybridfw.tests.HomeTests -->
