<?xml version="1.0" encoding="UTF-8"?>
<!-- Generated by org.testng.reporters.JUnitReportReporter -->
<testsuite name="com.selenium.hybridfw.tests.HomeTests" tests="6" time="0.030" ignored="2" failures="0" timestamp="24 Jan 2019 14:32:12 GMT" skipped="0" hostname="Yashika" errors="0">
  <testcase name="logValidation3" time="0.004" classname="com.selenium.hybridfw.tests.HomeTests"/>
  <testcase name="logValidation2" time="0.002" classname="com.selenium.hybridfw.tests.HomeTests"/>
  <testcase name="verify" time="0.002" classname="com.selenium.hybridfw.tests.HomeTests"/>
  <testcase name="verify" time="0.001" classname="com.selenium.hybridfw.tests.HomeTests"/>
  <testcase name="logValidation" time="0.021" classname="com.selenium.hybridfw.tests.HomeTests"/>
  <testcase name="verify" time="0.000" classname="com.selenium.hybridfw.tests.HomeTests"/>
  <testcase name="verify_parameter" classname="com.selenium.hybridfw.tests.HomeTests">
    <skipped/>
  </testcase> <!-- verify_parameter -->
  <testcase name="verify_data" classname="com.selenium.hybridfw.tests.HomeTests">
    <skipped/>
  </testcase> <!-- verify_data -->
</testsuite> <!-- com.selenium.hybridfw.tests.HomeTests -->
